[07/06/2022 20:01:31] Debug: Session id: ac6584f9-b3ae-4c7c-838c-4b8cb246ad9e
[07/06/2022 20:01:31] Debug: Code Processor information: Name :SnowConvert, Version: 7.2.6.0
[07/06/2022 20:01:32] Debug: Getting license
[07/06/2022 20:01:32] Debug: License information
	Status: Failed
	Message: No active license available.
[07/06/2022 20:01:32] Info: Starting to validate parameters
[07/06/2022 20:01:32] Info: Parameters to validate: 
	Execution mode: Conversion
[07/06/2022 20:01:32] Info: Validation of parameters: Success
[07/06/2022 20:01:32] Debug: Getting code descriptor
[07/06/2022 20:01:32] Debug: Code descriptor information
	Units: 51
	Units type: LOC
	All file bytes: 2141
	All found extensions: .sql,.dml,.ddl,.bteq,.btq,.fl,.fload,.ml,.mload,.mld,.tp,.tpump,.tpt
[07/06/2022 20:01:32] Debug: Calculating fingerprint
[07/06/2022 20:01:32] Debug: Fingerprint information Fingerprint(size=2141,projects=1)
[07/06/2022 20:01:32] Info: Starting to try to validate online license for execution
[07/06/2022 20:01:34] Debug: Getting license
[07/06/2022 20:01:34] Debug: License information
	Status: Failed
	Message: No active license available.
[07/06/2022 20:01:34] Debug: Starting the execution of the controller
[07/06/2022 20:01:34] Debug: Executing the worker: SnowConvert
[07/06/2022 20:01:54] Debug: Finished executing the worker: SnowConvert
[07/06/2022 20:01:56] Info: Controller execution ended
